<?xml version="1.0" encoding="UTF-8"?>
<coverage generated="1558560224068" clover="3.2.0">
  <project timestamp="1558560224068" name="All files">
    <metrics statements="18" coveredstatements="17" conditionals="4" coveredconditionals="4" methods="6" coveredmethods="6" elements="28" coveredelements="27" complexity="0" loc="18" ncloc="18" packages="1" files="1" classes="1">
      <file name="reader.js" path="/Users/iansmith/deltav/401/lab-03-async/lib/reader.js">
        <metrics statements="18" coveredstatements="17" conditionals="4" coveredconditionals="4" methods="6" coveredmethods="6"/>
        <line num="3" count="1" type="stmt"/>
        <line num="4" count="1" type="stmt"/>
        <line num="9" count="1" type="stmt"/>
        <line num="10" count="2" type="stmt"/>
        <line num="11" count="0" type="stmt"/>
        <line num="19" count="1" type="stmt"/>
        <line num="20" count="4" type="stmt"/>
        <line num="21" count="4" type="cond" truecount="2" falsecount="0"/>
        <line num="22" count="3" type="stmt"/>
        <line num="31" count="1" type="stmt"/>
        <line num="33" count="2" type="stmt"/>
        <line num="35" count="2" type="stmt"/>
        <line num="36" count="4" type="stmt"/>
        <line num="37" count="4" type="cond" truecount="2" falsecount="0"/>
        <line num="38" count="1" type="stmt"/>
        <line num="41" count="3" type="stmt"/>
        <line num="42" count="3" type="stmt"/>
        <line num="76" count="2" type="stmt"/>
      </file>
    </metrics>
  </project>
</coverage>
