{"/Users/iansmith/deltav/401/lab-03-async/lib/reader.js": {"path":"/Users/iansmith/deltav/401/lab-03-async/lib/reader.js","statementMap":{"0":{"start":{"line":3,"column":11},"end":{"line":3,"column":24}},"1":{"start":{"line":4,"column":15},"end":{"line":4,"column":17}},"2":{"start":{"line":9,"column":0},"end":{"line":12,"column":2}},"3":{"start":{"line":10,"column":2},"end":{"line":10,"column":31}},"4":{"start":{"line":11,"column":2},"end":{"line":11,"column":16}},"5":{"start":{"line":19,"column":16},"end":{"line":24,"column":1}},"6":{"start":{"line":20,"column":2},"end":{"line":23,"column":5}},"7":{"start":{"line":21,"column":4},"end":{"line":22,"column":39}},"8":{"start":{"line":21,"column":14},"end":{"line":21,"column":28}},"9":{"start":{"line":22,"column":11},"end":{"line":22,"column":37}},"10":{"start":{"line":31,"column":16},"end":{"line":77,"column":1}},"11":{"start":{"line":33,"column":17},"end":{"line":33,"column":19}},"12":{"start":{"line":35,"column":2},"end":{"line":45,"column":4}},"13":{"start":{"line":36,"column":4},"end":{"line":44,"column":7}},"14":{"start":{"line":37,"column":6},"end":{"line":43,"column":7}},"15":{"start":{"line":38,"column":8},"end":{"line":38,"column":22}},"16":{"start":{"line":41,"column":8},"end":{"line":41,"column":42}},"17":{"start":{"line":42,"column":8},"end":{"line":42,"column":46}},"18":{"start":{"line":76,"column":2},"end":{"line":76,"column":32}}},"fnMap":{"0":{"name":"(anonymous_0)","decl":{"start":{"line":9,"column":27},"end":{"line":9,"column":28}},"loc":{"start":{"line":9,"column":48},"end":{"line":12,"column":1}},"line":9},"1":{"name":"(anonymous_1)","decl":{"start":{"line":19,"column":16},"end":{"line":19,"column":17}},"loc":{"start":{"line":19,"column":36},"end":{"line":24,"column":1}},"line":19},"2":{"name":"(anonymous_2)","decl":{"start":{"line":20,"column":20},"end":{"line":20,"column":21}},"loc":{"start":{"line":20,"column":35},"end":{"line":23,"column":3}},"line":20},"3":{"name":"(anonymous_3)","decl":{"start":{"line":31,"column":16},"end":{"line":31,"column":17}},"loc":{"start":{"line":31,"column":37},"end":{"line":77,"column":1}},"line":31},"4":{"name":"(anonymous_4)","decl":{"start":{"line":35,"column":16},"end":{"line":35,"column":17}},"loc":{"start":{"line":35,"column":29},"end":{"line":45,"column":3}},"line":35},"5":{"name":"(anonymous_5)","decl":{"start":{"line":36,"column":18},"end":{"line":36,"column":19}},"loc":{"start":{"line":36,"column":33},"end":{"line":44,"column":5}},"line":36}},"branchMap":{"0":{"loc":{"start":{"line":21,"column":4},"end":{"line":22,"column":39}},"type":"if","locations":[{"start":{"line":21,"column":4},"end":{"line":22,"column":39}},{"start":{"line":21,"column":4},"end":{"line":22,"column":39}}],"line":21},"1":{"loc":{"start":{"line":37,"column":6},"end":{"line":43,"column":7}},"type":"if","locations":[{"start":{"line":37,"column":6},"end":{"line":43,"column":7}},{"start":{"line":37,"column":6},"end":{"line":43,"column":7}}],"line":37}},"s":{"0":1,"1":1,"2":1,"3":2,"4":0,"5":1,"6":4,"7":4,"8":1,"9":3,"10":1,"11":2,"12":2,"13":4,"14":4,"15":1,"16":3,"17":3,"18":2},"f":{"0":2,"1":4,"2":4,"3":2,"4":4,"5":4},"b":{"0":[1,3],"1":[1,3]},"_coverageSchema":"332fd63041d2c1bcb487cc26dd0d5f7d97098a6c","hash":"412788ae4a50d3bbfd1a8a35addf88bb0259b53d"}
}
