TN:
SF:/Users/iansmith/deltav/401/lab-03-async/lib/reader.js
FN:9,(anonymous_0)
FN:19,(anonymous_1)
FN:20,(anonymous_2)
FN:31,(anonymous_3)
FN:35,(anonymous_4)
FN:36,(anonymous_5)
FNF:6
FNH:6
FNDA:2,(anonymous_0)
FNDA:4,(anonymous_1)
FNDA:4,(anonymous_2)
FNDA:2,(anonymous_3)
FNDA:4,(anonymous_4)
FNDA:4,(anonymous_5)
DA:3,1
DA:4,1
DA:9,1
DA:10,2
DA:11,0
DA:19,1
DA:20,4
DA:21,4
DA:22,3
DA:31,1
DA:33,2
DA:35,2
DA:36,4
DA:37,4
DA:38,1
DA:41,3
DA:42,3
DA:76,2
LF:18
LH:17
BRDA:21,0,0,1
BRDA:21,0,1,3
BRDA:37,1,0,1
BRDA:37,1,1,3
BRF:4
BRH:4
end_of_record
